2025-04-25 20:32:01,349 - src.main - INFO - Initializing NIKKE Automation Framework
2025-04-25 20:32:01,350 - src.core.vision.template - INFO - Loaded 0 templates from resources/templates
2025-04-25 20:32:01,351 - src.core.state.manager - INFO - Registered transition: GameState.HOME_SCREEN -> GameState.SHOP
2025-04-25 20:32:01,351 - src.core.state.manager - INFO - Registered transition: GameState.SHOP -> GameState.HOME_SCREEN
2025-04-25 20:32:01,351 - src.core.state.manager - INFO - Registered transition: GameState.HOME_SCREEN -> GameState.BATTLE
2025-04-25 20:32:01,351 - src.core.state.manager - INFO - Registered transition: GameState.BATTLE -> GameState.HOME_SCREEN
2025-04-25 20:32:01,352 - src.main - INFO - NIKKE Automation Framework initialized successfully
2025-04-25 20:32:01,352 - src.main - INFO - Running test sequence
2025-04-25 20:32:01,410 - src.main - INFO - Screen dimensions: 2560x1440
2025-04-25 20:32:01,458 - src.core.vision.template - ERROR - Template 'home/menu_button' not found
2025-04-25 20:32:01,458 - src.core.vision.template - ERROR - Template 'home/shop_button' not found
2025-04-25 20:32:01,458 - src.core.vision.template - ERROR - Template 'battle/battle_ui' not found
2025-04-25 20:32:01,459 - src.core.vision.template - ERROR - Template 'battle/back_button' not found
2025-04-25 20:32:01,459 - src.core.vision.template - ERROR - Template 'shop/shop_title' not found
2025-04-25 20:32:01,459 - src.core.vision.template - ERROR - Template 'shop/purchase_button' not found
2025-04-25 20:32:01,459 - src.core.vision.template - ERROR - Template 'common/loading_indicator' not found
2025-04-25 20:32:01,459 - src.core.vision.template - ERROR - Template 'common/error_icon' not found
2025-04-25 20:32:01,460 - src.core.vision.template - ERROR - Template 'common/error_message' not found
2025-04-25 20:32:01,460 - src.core.state.detection - WARNING - Could not detect any known state
2025-04-25 20:32:01,460 - src.main - INFO - Current state: GameState.UNKNOWN
2025-04-25 20:32:01,460 - src.main - INFO - Screen capture performance: Avg time: 0.052s
2025-04-25 20:32:01,460 - src.main - INFO - Test completed successfully
